<?xml version="1.0" encoding="UTF-8"?>
<testsuites>
  <testsuite name="fastlane.lanes">
    
    
    
      
      <testcase classname="fastlane.lanes" name="0: update_fastlane" time="2.258405">
        
      </testcase>
    
      
      <testcase classname="fastlane.lanes" name="1: default_platform" time="0.001375">
        
      </testcase>
    
      
      <testcase classname="fastlane.lanes" name="2: git_pull" time="3.533813">
        
      </testcase>
    
      
      <testcase classname="fastlane.lanes" name="3: ensure_git_branch" time="0.008049">
        
      </testcase>
    
      
      <testcase classname="fastlane.lanes" name="4: read_podspec" time="0.146935">
        
      </testcase>
    
      
      <testcase classname="fastlane.lanes" name="5: git_tag_exists" time="0.007703">
        
      </testcase>
    
      
      <testcase classname="fastlane.lanes" name="6: pod_lib_lint" time="14.025725">
        
          <failure message="/Users/foxsofter/.rbenv/versions/2.3.3/lib/ruby/gems/2.3.0/gems/fastlane-2.96.1/fastlane/lib/fastlane/actions/actions_helper.rb:48:in `execute_action'&#10;/Users/foxsofter/.rbenv/versions/2.3.3/lib/ruby/gems/2.3.0/gems/fastlane-2.96.1/fastlane/lib/fastlane/runner.rb:236:in `block in execute_action'&#10;/Users/foxsofter/.rbenv/versions/2.3.3/lib/ruby/gems/2.3.0/gems/fastlane-2.96.1/fastlane/lib/fastlane/runner.rb:231:in `chdir'&#10;/Users/foxsofter/.rbenv/versions/2.3.3/lib/ruby/gems/2.3.0/gems/fastlane-2.96.1/fastlane/lib/fastlane/runner.rb:231:in `execute_action'&#10;/Users/foxsofter/.rbenv/versions/2.3.3/lib/ruby/gems/2.3.0/gems/fastlane-2.96.1/fastlane/lib/fastlane/runner.rb:157:in `trigger_action_by_name'&#10;/Users/foxsofter/.rbenv/versions/2.3.3/lib/ruby/gems/2.3.0/gems/fastlane-2.96.1/fastlane/lib/fastlane/fast_file.rb:149:in `method_missing'&#10;Fastfile:38:in `block in parsing_binding'&#10;/Users/foxsofter/.rbenv/versions/2.3.3/lib/ruby/gems/2.3.0/gems/fastlane-2.96.1/fastlane/lib/fastlane/lane.rb:33:in `call'&#10;/Users/foxsofter/.rbenv/versions/2.3.3/lib/ruby/gems/2.3.0/gems/fastlane-2.96.1/fastlane/lib/fastlane/runner.rb:49:in `block in execute'&#10;/Users/foxsofter/.rbenv/versions/2.3.3/lib/ruby/gems/2.3.0/gems/fastlane-2.96.1/fastlane/lib/fastlane/runner.rb:45:in `chdir'&#10;/Users/foxsofter/.rbenv/versions/2.3.3/lib/ruby/gems/2.3.0/gems/fastlane-2.96.1/fastlane/lib/fastlane/runner.rb:45:in `execute'&#10;/Users/foxsofter/.rbenv/versions/2.3.3/lib/ruby/gems/2.3.0/gems/fastlane-2.96.1/fastlane/lib/fastlane/lane_manager.rb:59:in `cruise_lane'&#10;/Users/foxsofter/.rbenv/versions/2.3.3/lib/ruby/gems/2.3.0/gems/fastlane-2.96.1/fastlane/lib/fastlane/command_line_handler.rb:36:in `handle'&#10;/Users/foxsofter/.rbenv/versions/2.3.3/lib/ruby/gems/2.3.0/gems/fastlane-2.96.1/fastlane/lib/fastlane/commands_generator.rb:107:in `block (2 levels) in run'&#10;/Users/foxsofter/.rbenv/versions/2.3.3/lib/ruby/gems/2.3.0/gems/commander-fastlane-4.4.6/lib/commander/command.rb:178:in `call'&#10;/Users/foxsofter/.rbenv/versions/2.3.3/lib/ruby/gems/2.3.0/gems/commander-fastlane-4.4.6/lib/commander/command.rb:153:in `run'&#10;/Users/foxsofter/.rbenv/versions/2.3.3/lib/ruby/gems/2.3.0/gems/commander-fastlane-4.4.6/lib/commander/runner.rb:476:in `run_active_command'&#10;/Users/foxsofter/.rbenv/versions/2.3.3/lib/ruby/gems/2.3.0/gems/fastlane-2.96.1/fastlane_core/lib/fastlane_core/ui/fastlane_runner.rb:75:in `run!'&#10;/Users/foxsofter/.rbenv/versions/2.3.3/lib/ruby/gems/2.3.0/gems/commander-fastlane-4.4.6/lib/commander/delegates.rb:15:in `run!'&#10;/Users/foxsofter/.rbenv/versions/2.3.3/lib/ruby/gems/2.3.0/gems/fastlane-2.96.1/fastlane/lib/fastlane/commands_generator.rb:332:in `run'&#10;/Users/foxsofter/.rbenv/versions/2.3.3/lib/ruby/gems/2.3.0/gems/fastlane-2.96.1/fastlane/lib/fastlane/commands_generator.rb:41:in `start'&#10;/Users/foxsofter/.rbenv/versions/2.3.3/lib/ruby/gems/2.3.0/gems/fastlane-2.96.1/fastlane/lib/fastlane/cli_tools_distributor.rb:108:in `take_off'&#10;/Users/foxsofter/.rbenv/versions/2.3.3/lib/ruby/gems/2.3.0/gems/fastlane-2.96.1/bin/fastlane:20:in `&lt;top (required)&gt;'&#10;/Users/foxsofter/.rbenv/versions/2.3.3/bin/fastlane:22:in `load'&#10;/Users/foxsofter/.rbenv/versions/2.3.3/bin/fastlane:22:in `&lt;main&gt;'&#10;&#10;Exit status of command 'bundle exec pod lib lint --sources='http://192.168.30.105/iOS/Specs.git' --allow-warnings' was 1 instead of 0.&#10;&#10; -&gt; JCryptoSwift -&gt; JCryptoSwift (0.1.0)&#10;    - WARN  | summary: The summary is not meaningful.&#10;    - WARN  | [iOS] swift: The validator used Swift 3.2 by default because no Swift version was specified. To specify a Swift version during validation, add the `swift_version` attribute in your podspec. Note that usage of the `--swift-version` parameter or a `.swift-version` file is now deprecated.&#10;    - ERROR | [iOS] xcodebuild: Returned an unsuccessful exit code. You can use `--verbose` for more information.&#10;    - ERROR | [iOS] xcodebuild:  /Users/foxsofter/Documents/SourceCode/JCryptoSwift/JCryptoSwift/Classes/AES.swift:71:63: error: 'expandKey' is inaccessible due to 'private' protection level&#10;    - NOTE  | [iOS] xcodebuild:  /Users/foxsofter/Documents/SourceCode/JCryptoSwift/JCryptoSwift/Classes/AES.swift:357:18: note: 'expandKey' declared here&#10;    - ERROR | [iOS] xcodebuild:  /Users/foxsofter/Documents/SourceCode/JCryptoSwift/JCryptoSwift/Classes/AES.swift:72:66: error: 'expandKeyInv' is inaccessible due to 'private' protection level&#10;    - NOTE  | [iOS] xcodebuild:  /Users/foxsofter/Documents/SourceCode/JCryptoSwift/JCryptoSwift/Classes/AES.swift:339:18: note: 'expandKeyInv' declared here&#10;    - ERROR | [iOS] xcodebuild:  /Users/foxsofter/Documents/SourceCode/JCryptoSwift/JCryptoSwift/Classes/AES.swift:74:83: error: 'calculateSBox' is inaccessible due to 'private' protection level&#10;    - NOTE  | [iOS] xcodebuild:  /Users/foxsofter/Documents/SourceCode/JCryptoSwift/JCryptoSwift/Classes/AES.swift:454:18: note: 'calculateSBox' declared here&#10;    - ERROR | [iOS] xcodebuild:  /Users/foxsofter/Documents/SourceCode/JCryptoSwift/JCryptoSwift/Classes/AES.swift:210:14: error: 'F1' is inaccessible due to 'private' protection level&#10;    - NOTE  | xcodebuild:  /Users/foxsofter/Documents/SourceCode/JCryptoSwift/JCryptoSwift/Classes/AES.swift:445:18: note: 'F1' declared here&#10;    - ERROR | [iOS] xcodebuild:  /Users/foxsofter/Documents/SourceCode/JCryptoSwift/JCryptoSwift/Classes/AES.swift:211:14: error: 'F1' is inaccessible due to 'private' protection level&#10;    - ERROR | [iOS] xcodebuild:  /Users/foxsofter/Documents/SourceCode/JCryptoSwift/JCryptoSwift/Classes/AES.swift:212:14: error: 'F1' is inaccessible due to 'private' protection level&#10;    - ERROR | [iOS] xcodebuild:  /Users/foxsofter/Documents/SourceCode/JCryptoSwift/JCryptoSwift/Classes/AES.swift:213:14: error: 'F1' is inaccessible due to 'private' protection level&#10;    - ERROR | [iOS] xcodebuild:  /Users/foxsofter/Documents/SourceCode/JCryptoSwift/JCryptoSwift/Classes/AES.swift:304:34: error: cannot call value of non-function type 'Int32'&#10;    - ERROR | [iOS] xcodebuild:  /Users/foxsofter/Documents/SourceCode/JCryptoSwift/JCryptoSwift/Classes/AES.swift:305:33: error: 'B1' is inaccessible due to 'private' protection level&#10;    - NOTE  | xcodebuild:  /Users/foxsofter/Documents/SourceCode/JCryptoSwift/JCryptoSwift/Classes/AES.swift:430:18: note: 'B1' declared here&#10;    - ERROR | [iOS] xcodebuild:  /Users/foxsofter/Documents/SourceCode/JCryptoSwift/JCryptoSwift/Classes/AES.swift:306:33: error: 'B2' is inaccessible due to 'private' protection level&#10;    - NOTE  | xcodebuild:  /Users/foxsofter/Documents/SourceCode/JCryptoSwift/JCryptoSwift/Classes/AES.swift:435:18: note: 'B2' declared here&#10;    - ERROR | [iOS] xcodebuild:  /Users/foxsofter/Documents/SourceCode/JCryptoSwift/JCryptoSwift/Classes/AES.swift:307:33: error: 'B3' is inaccessible due to 'private' protection level&#10;    - NOTE  | xcodebuild:  /Users/foxsofter/Documents/SourceCode/JCryptoSwift/JCryptoSwift/Classes/AES.swift:440:18: note: 'B3' declared here&#10;    - ERROR | [iOS] xcodebuild:  /Users/foxsofter/Documents/SourceCode/JCryptoSwift/JCryptoSwift/Classes/AES.swift:310:34: error: cannot call value of non-function type 'Int32'&#10;    - ERROR | [iOS] xcodebuild:  /Users/foxsofter/Documents/SourceCode/JCryptoSwift/JCryptoSwift/Classes/AES.swift:311:33: error: 'B1' is inaccessible due to 'private' protection level&#10;    - ERROR | [iOS] xcodebuild:  /Users/foxsofter/Documents/SourceCode/JCryptoSwift/JCryptoSwift/Classes/AES.swift:312:33: error: 'B2' is inaccessible due to 'private' protection level&#10;    - ERROR | [iOS] xcodebuild:  /Users/foxsofter/Documents/SourceCode/JCryptoSwift/JCryptoSwift/Classes/AES.swift:313:33: error: 'B3' is inaccessible due to 'private' protection level&#10;    - ERROR | [iOS] xcodebuild:  /Users/foxsofter/Documents/SourceCode/JCryptoSwift/JCryptoSwift/Classes/AES.swift:316:34: error: cannot call value of non-function type 'Int32'&#10;    - ERROR | [iOS] xcodebuild:  /Users/foxsofter/Documents/SourceCode/JCryptoSwift/JCryptoSwift/Classes/AES.swift:317:33: error: 'B1' is inaccessible due to 'private' protection level&#10;    - ERROR | [iOS] xcodebuild:  /Users/foxsofter/Documents/SourceCode/JCryptoSwift/JCryptoSwift/Classes/AES.swift:318:33: error: 'B2' is inaccessible due to 'private' protection level&#10;    - ERROR | [iOS] xcodebuild:  /Users/foxsofter/Documents/SourceCode/JCryptoSwift/JCryptoSwift/Classes/AES.swift:319:33: error: 'B3' is inaccessible due to 'private' protection level&#10;    - ERROR | [iOS] xcodebuild:  /Users/foxsofter/Documents/SourceCode/JCryptoSwift/JCryptoSwift/Classes/AES.swift:322:34: error: cannot call value of non-function type 'Int32'&#10;    - ERROR | [iOS] xcodebuild:  /Users/foxsofter/Documents/SourceCode/JCryptoSwift/JCryptoSwift/Classes/AES.swift:323:33: error: 'B1' is inaccessible due to 'private' protection level&#10;    - ERROR | [iOS] xcodebuild:  /Users/foxsofter/Documents/SourceCode/JCryptoSwift/JCryptoSwift/Classes/AES.swift:324:33: error: 'B2' is inaccessible due to 'private' protection level&#10;    - ERROR | [iOS] xcodebuild:  /Users/foxsofter/Documents/SourceCode/JCryptoSwift/JCryptoSwift/Classes/AES.swift:325:33: error: 'B3' is inaccessible due to 'private' protection level&#10;    - ERROR | [iOS] xcodebuild:  /Users/foxsofter/Documents/SourceCode/JCryptoSwift/JCryptoSwift/Classes/AES.swift:340:22: error: 'variantNr' is inaccessible due to 'private' protection level&#10;    - NOTE  | xcodebuild:  /Users/foxsofter/Documents/SourceCode/JCryptoSwift/JCryptoSwift/Classes/AES.swift:46:22: note: 'variantNr' declared here&#10;    - ERROR | [iOS] xcodebuild:  /Users/foxsofter/Documents/SourceCode/JCryptoSwift/JCryptoSwift/Classes/AES.swift:387:23: error: 'variantNb' is inaccessible due to 'private' protection level&#10;    - NOTE  | xcodebuild:  /Users/foxsofter/Documents/SourceCode/JCryptoSwift/JCryptoSwift/Classes/AES.swift:47:22: note: 'variantNb' declared here&#10;    - ERROR | [iOS] xcodebuild:  /Users/foxsofter/Documents/SourceCode/JCryptoSwift/JCryptoSwift/Classes/AES.swift:387:36: error: 'variantNr' is inaccessible due to 'private' protection level&#10;    - ERROR | [iOS] xcodebuild:  /Users/foxsofter/Documents/SourceCode/JCryptoSwift/JCryptoSwift/Classes/AES.swift:395:22: error: 'variantNk' is inaccessible due to 'private' protection level&#10;    - NOTE  | xcodebuild:  /Users/foxsofter/Documents/SourceCode/JCryptoSwift/JCryptoSwift/Classes/AES.swift:48:22: note: 'variantNk' declared here&#10;    - ERROR | [iOS] xcodebuild:  /Users/foxsofter/Documents/SourceCode/JCryptoSwift/JCryptoSwift/Classes/AES.swift:403:18: error: 'variantNk' is inaccessible due to 'private' protection level&#10;    - ERROR | [iOS] xcodebuild:  /Users/foxsofter/Documents/SourceCode/JCryptoSwift/JCryptoSwift/Classes/AES.swift:403:30: error: 'variantNb' is inaccessible due to 'private' protection level&#10;    - ERROR | [iOS] xcodebuild:  /Users/foxsofter/Documents/SourceCode/JCryptoSwift/JCryptoSwift/Classes/AES.swift:403:43: error: 'variantNr' is inaccessible due to 'private' protection level&#10;    - ERROR | [iOS] xcodebuild:  /Users/foxsofter/Documents/SourceCode/JCryptoSwift/JCryptoSwift/Classes/AES.swift:447:33: error: 'T0' is inaccessible due to 'private' protection level&#10;    - NOTE  | xcodebuild:  /Users/foxsofter/Documents/SourceCode/JCryptoSwift/JCryptoSwift/Classes/AES.swift:98:24: note: 'T0' declared here&#10;    - ERROR | [iOS] xcodebuild:  /Users/foxsofter/Documents/SourceCode/JCryptoSwift/JCryptoSwift/Classes/AES.swift:448:33: error: 'T0' is inaccessible due to 'private' protection level&#10;    - ERROR | [iOS] xcodebuild:  /Users/foxsofter/Documents/SourceCode/JCryptoSwift/JCryptoSwift/Classes/AES.swift:449:33: error: 'T0' is inaccessible due to 'private' protection level&#10;    - ERROR | [iOS] xcodebuild:  /Users/foxsofter/Documents/SourceCode/JCryptoSwift/JCryptoSwift/Classes/AES.swift:450:33: error: 'T0' is inaccessible due to 'private' protection level&#10;    - ERROR | [iOS] xcodebuild:  /Users/foxsofter/Documents/SourceCode/JCryptoSwift/JCryptoSwift/Classes/AES.swift:373:35: error: 'sBox' is inaccessible due to 'private' protection level&#10;    - NOTE  | xcodebuild:  /Users/foxsofter/Documents/SourceCode/JCryptoSwift/JCryptoSwift/Classes/AES.swift:75:22: note: 'sBox' declared here&#10;    - ERROR | [iOS] xcodebuild:  /Users/foxsofter/Documents/SourceCode/JCryptoSwift/JCryptoSwift/Classes/AES.swift:381:29: error: 'sBox' is inaccessible due to 'private' protection level&#10;    - ERROR | [iOS] xcodebuild:  /Users/foxsofter/Documents/SourceCode/JCryptoSwift/JCryptoSwift/Classes/AES.swift:382:29: error: 'sBox' is inaccessible due to 'private' protection level&#10;    - ERROR | [iOS] xcodebuild:  /Users/foxsofter/Documents/SourceCode/JCryptoSwift/JCryptoSwift/Classes/AES.swift:383:29: error: 'sBox' is inaccessible due to 'private' protection level&#10;    - ERROR | [iOS] xcodebuild:  /Users/foxsofter/Documents/SourceCode/JCryptoSwift/JCryptoSwift/Classes/AES.swift:384:29: error: 'sBox' is inaccessible due to 'private' protection level&#10;    - ERROR | [iOS] xcodebuild:  /Users/foxsofter/Documents/SourceCode/JCryptoSwift/JCryptoSwift/Classes/Blowfish.swift:507:20: error: 'encryptWorker' is inaccessible due to 'private' protection level&#10;    - NOTE  | [iOS] xcodebuild:  /Users/foxsofter/Documents/SourceCode/JCryptoSwift/JCryptoSwift/Classes/Blowfish.swift:36:17: note: 'encryptWorker' declared here&#10;    - ERROR | [iOS] xcodebuild:  /Users/foxsofter/Documents/SourceCode/JCryptoSwift/JCryptoSwift/Classes/Blowfish.swift:531:20: error: 'decryptWorker' is inaccessible due to 'private' protection level&#10;    - NOTE  | [iOS] xcodebuild:  /Users/foxsofter/Documents/SourceCode/JCryptoSwift/JCryptoSwift/Classes/Blowfish.swift:35:17: note: 'decryptWorker' declared here&#10;&#10;[!] JCryptoSwift did not pass validation, due to 42 errors.&#10;You can use the `--no-clean` option to inspect any issue.&#10;" />
        
      </testcase>
    
  </testsuite>
</testsuites>
